N RS DS
10000 4.8e-05 9.4e-05 1
20000 2.3e-05 0.000188 1
30000 4.3e-05 0.000262 1
40000 5.6e-05 0.000434 1
50000 8.9e-05 0.000516 1
60000 0.000142 0.001036 1
70000 0.000148 0.000901 1
80000 0.00019 0.001211 1
90000 0.000182 0.000974 1
100000 0.000198 0.001223 1
110000 0.000254 0.00124 1
120000 0.000395 0.001667 1
130000 0.000238 0.001404 1
140000 0.000316 0.001682 1
150000 0.00045 0.00264 1
160000 0.000514 0.002227 1
170000 0.000521 0.002287 1
180000 0.000489 0.001971 1
190000 0.000474 0.002306 1
200000 0.000433 0.003057 1
210000 0.000643 0.003293 1
220000 0.000332 0.001884 1
230000 0.00053 0.002468 1
240000 0.000589 0.003048 1
250000 0.000474 0.003246 1
260000 0.000694 0.003689 1
270000 0.000403 0.002803 1
280000 0.000534 0.003228 1
290000 0.000598 0.003335 1
300000 0.000941 0.003445 1
310000 0.000486 0.003237 1
320000 0.000644 0.003753 1
330000 0.000699 0.004177 1
340000 0.000665 0.002899 1
350000 0.000684 0.003508 1
360000 0.000658 0.003834 1
370000 0.000688 0.003577 1
380000 0.001082 0.004104 1
390000 0.000808 0.004166 1
400000 0.00115 0.006279 1
410000 0.000875 0.00593 1
420000 0.000894 0.005815 1
430000 0.000704 0.00393 1
440000 0.000965 0.004437 1
450000 0.000964 0.005663 1
460000 0.000726 0.004738 1
470000 0.000851 0.005383 1
480000 0.001575 0.004852 1
490000 0.000903 0.005635 1
500000 0.001132 0.006204 1
510000 0.000849 0.005833 1
520000 0.00122 0.007498 1
530000 0.001048 0.005615 1
540000 0.000826 0.0056 1
550000 0.001168 0.005653 1
560000 0.000912 0.005076 1
570000 0.001056 0.006543 1
580000 0.001016 0.005156 1
590000 0.000907 0.00638 1
600000 0.002009 0.005858 1
610000 0.001035 0.006857 1
620000 0.001352 0.006147 1
630000 0.001031 0.006158 1
640000 0.001869 0.006704 1
650000 0.00108 0.006538 1
660000 0.001867 0.007005 1
670000 0.001122 0.006814 1
680000 0.00188 0.006994 1
690000 0.001216 0.007214 1
700000 0.001597 0.00697 1
710000 0.001342 0.008297 1
720000 0.001989 0.007196 1
730000 0.00126 0.008071 1
740000 0.001225 0.007405 1
750000 0.001312 0.008313 1
760000 0.001278 0.007759 1
770000 0.00143 0.008365 1
780000 0.001401 0.008408 1
790000 0.001592 0.00749 1
800000 0.001352 0.008919 1
810000 0.001398 0.007969 1
820000 0.001749 0.009052 1
830000 0.001402 0.009018 1
840000 0.00152 0.00838 1
850000 0.001517 0.009271 1
860000 0.001418 0.008154 1
870000 0.001905 0.009222 1
880000 0.001484 0.009179 1
890000 0.001446 0.007255 1
900000 0.001298 0.009231 1
910000 0.002094 0.006566 1
920000 0.001987 0.007283 1
930000 0.001326 0.009955 1
940000 0.001674 0.007911 1
950000 0.001317 0.010023 1
960000 0.001455 0.007666 1
970000 0.002813 0.007584 1
980000 0.001605 0.009939 1
990000 0.001328 0.007951 1
1000000 0.002036 0.009172 1
1010000 0.001529 0.009851 1
1020000 0.00146 0.009659 1
1030000 0.001928 0.010169 1
1040000 0.001645 0.011584 1
1050000 0.001739 0.010974 1
1060000 0.002114 0.009956 1
1070000 0.00266 0.010105 1
1080000 0.001816 0.010581 1
1090000 0.001801 0.011188 1
1100000 0.001871 0.008722 1
1110000 0.001595 0.009867 1
1120000 0.001651 0.011105 1
1130000 0.001579 0.009736 1
1140000 0.002979 0.009626 1
1150000 0.001732 0.010695 1
1160000 0.00226 0.010524 1
1170000 0.00167 0.009157 1
1180000 0.002958 0.009001 1
1190000 0.001753 0.010476 1
1200000 0.001655 0.010963 1
1210000 0.002131 0.009582 1
1220000 0.001728 0.01053 1
1230000 0.00166 0.010383 1
1240000 0.001651 0.010561 1
1250000 0.002235 0.009578 1
1260000 0.001755 0.010917 1
1270000 0.002033 0.010758 1
1280000 0.002052 0.010199 1
1290000 0.002893 0.00966 1
1300000 0.001887 0.011807 1
1310000 0.001875 0.011561 1
1320000 0.001904 0.011659 1
1330000 0.001987 0.010234 1
1340000 0.003604 0.009974 1
1350000 0.00378 0.010658 1
1360000 0.002109 0.013628 1
1370000 0.002059 0.012151 1
1380000 0.002188 0.011296 1
1390000 0.002322 0.012081 1
1400000 0.002674 0.012073 1
1410000 0.004557 0.01756 1
1420000 0.00216 0.012722 1
1430000 0.003156 0.012757 1
1440000 0.002894 0.013433 1
1450000 0.002483 0.014089 1
1460000 0.002686 0.01424 1
1470000 0.002963 0.014495 1
1480000 0.002699 0.015062 1
1490000 0.002672 0.014847 1
1500000 0.002632 0.014316 1
1510000 0.002334 0.013601 1
1520000 0.002484 0.013446 1
1530000 0.002459 0.014095 1
1540000 0.002765 0.01484 1
1550000 0.00282 0.014978 1
1560000 0.002905 0.015033 1
1570000 0.002864 0.015413 1
1580000 0.002869 0.015283 1
1590000 0.00287 0.015233 1
1600000 0.003856 0.012533 1
1610000 0.002939 0.013986 1
1620000 0.005043 0.014912 1
1630000 0.003593 0.014036 1
1640000 0.003121 0.014659 1
1650000 0.003076 0.014977 1
1660000 0.002939 0.015025 1
1670000 0.002998 0.015673 1
1680000 0.003093 0.014976 1
1690000 0.00324 0.01455 1
1700000 0.00331 0.015895 1
1710000 0.003198 0.015281 1
1720000 0.004146 0.014667 1
1730000 0.004633 0.015624 1
1740000 0.003583 0.014145 1
1750000 0.003026 0.014098 1
1760000 0.002972 0.015097 1
1770000 0.003049 0.015361 1
1780000 0.003073 0.015492 1
1790000 0.002934 0.014715 1
1800000 0.003201 0.015403 1
1810000 0.004093 0.018749 1
1820000 0.00446 0.017497 1
1830000 0.003249 0.01505 1
1840000 0.002823 0.01732 1
1850000 0.004336 0.015456 1
1860000 0.004816 0.017277 1
1870000 0.003739 0.017558 1
1880000 0.003733 0.017388 1
1890000 0.00563 0.017097 1
1900000 0.003951 0.017128 1
1910000 0.00377 0.016314 1
1920000 0.003901 0.016541 1
1930000 0.004735 0.018187 1
1940000 0.004073 0.016109 1
1950000 0.003542 0.015549 1
1960000 0.003776 0.014767 1
1970000 0.004444 0.013984 1
1980000 0.005054 0.016322 1
1990000 0.003966 0.014619 1
2000000 0.003426 0.015857 1
2010000 0.003654 0.015478 1
2020000 0.003473 0.015661 1
2030000 0.004098 0.015367 1
2040000 0.004929 0.016966 1
2050000 0.003915 0.017823 1
2060000 0.003773 0.017261 1
2070000 0.004519 0.01601 1
2080000 0.003721 0.016697 1
2090000 0.003857 0.017801 1
2100000 0.003787 0.016784 1
2110000 0.00507 0.016734 1
2120000 0.003649 0.017134 1
2130000 0.003906 0.019346 1
2140000 0.005503 0.019285 1
2150000 0.004017 0.016719 1
2160000 0.003872 0.016201 1
2170000 0.004692 0.024345 1
2180000 0.005807 0.022396 1
2190000 0.004002 0.020889 1
2200000 0.005503 0.01827 1
2210000 0.003976 0.017686 1
2220000 0.00415 0.018684 1
2230000 0.005705 0.01886 1
2240000 0.00461 0.020414 1
2250000 0.005258 0.020594 1
2260000 0.004309 0.021747 1
2270000 0.00495 0.021508 1
2280000 0.004244 0.019436 1
2290000 0.00496 0.017246 1
2300000 0.004188 0.019693 1
2310000 0.005043 0.02043 1
2320000 0.004452 0.017501 1
2330000 0.003936 0.017211 1
2340000 0.004781 0.017677 1
2350000 0.003989 0.019961 1
2360000 0.005257 0.02392 1
2370000 0.004738 0.019695 1
2380000 0.006127 0.019314 1
2390000 0.004318 0.019658 1
2400000 0.005342 0.018646 1
2410000 0.004469 0.019051 1
2420000 0.004813 0.018871 1
2430000 0.00422 0.020542 1
2440000 0.004932 0.022903 1
2450000 0.004745 0.023241 1
2460000 0.00593 0.023541 1
2470000 0.005414 0.022229 1
2480000 0.004508 0.018468 1
2490000 0.005008 0.020225 1
2500000 0.005256 0.027875 1
2510000 0.004349 0.021608 1
2520000 0.00571 0.023143 1
2530000 0.004611 0.024973 1
2540000 0.004764 0.024098 1
2550000 0.005012 0.020632 1
2560000 0.005279 0.0213 1
2570000 0.005079 0.024487 1
2580000 0.005586 0.024739 1
2590000 0.005861 0.020971 1
2600000 0.004938 0.019517 1
2610000 0.005681 0.019856 1
2620000 0.00449 0.0231 1
2630000 0.004693 0.023436 1
2640000 0.005928 0.021908 1
2650000 0.004932 0.026129 1
2660000 0.004919 0.02594 1
2670000 0.004889 0.026618 1
2680000 0.004966 0.026172 1
2690000 0.005232 0.024936 1
2700000 0.005873 0.02462 1
2710000 0.005209 0.026302 1
2720000 0.005081 0.024968 1
2730000 0.004553 0.020804 1
2740000 0.005779 0.020275 1
2750000 0.004761 0.021395 1
2760000 0.006042 0.023102 1
2770000 0.006194 0.022492 1
2780000 0.005255 0.024516 1
2790000 0.004837 0.024997 1
2800000 0.006448 0.027244 1
2810000 0.005432 0.020994 1
2820000 0.005465 0.022589 1
2830000 0.004517 0.022129 1
2840000 0.005426 0.022172 1
2850000 0.005174 0.024114 1
2860000 0.004655 0.022228 1
2870000 0.005258 0.021056 1
2880000 0.004718 0.022861 1
2890000 0.004835 0.02437 1
2900000 0.005604 0.023276 1
2910000 0.005666 0.024851 1
2920000 0.005276 0.025751 1
2930000 0.005354 0.026922 1
2940000 0.005262 0.026454 1
2950000 0.005397 0.025745 1
2960000 0.005064 0.024331 1
2970000 0.00621 0.025305 1
2980000 0.006261 0.024724 1
2990000 0.006262 0.027073 1
3000000 0.006684 0.025556 1
3010000 0.006704 0.027969 1
3020000 0.006574 0.02658 1
3030000 0.006453 0.024914 1
3040000 0.005535 0.025089 1
3050000 0.005211 0.025961 1
3060000 0.005075 0.025703 1
3070000 0.005254 0.022806 1
3080000 0.006762 0.026319 1
3090000 0.009298 0.042468 1
3100000 0.008968 0.065203 1
3110000 0.011953 0.043572 1
3120000 0.009536 0.03164 1
3130000 0.005753 0.03927 1
3140000 0.00544 0.032297 1
3150000 0.005789 0.031254 1
3160000 0.007133 0.031187 1
3170000 0.00531 0.029938 1
3180000 0.005852 0.026346 1
3190000 0.007304 0.029634 1
3200000 0.006394 0.029142 1
3210000 0.005696 0.028344 1
3220000 0.005696 0.029099 1
3230000 0.005879 0.029908 1
3240000 0.007104 0.028088 1
3250000 0.006693 0.028636 1
3260000 0.006879 0.025377 1
3270000 0.006785 0.024576 1
3280000 0.005885 0.027197 1
3290000 0.006854 0.025406 1
3300000 0.006452 0.028855 1
3310000 0.007391 0.02595 1
3320000 0.006684 0.027133 1
3330000 0.007171 0.025329 1
3340000 0.007238 0.025697 1
3350000 0.006908 0.029247 1
3360000 0.007243 0.028951 1
3370000 0.006295 0.030344 1
3380000 0.005898 0.029265 1
3390000 0.00574 0.030475 1
3400000 0.006952 0.026589 1
3410000 0.006432 0.028979 1
3420000 0.007723 0.028243 1
3430000 0.006747 0.029373 1
3440000 0.005832 0.029428 1
3450000 0.005661 0.031692 1
3460000 0.006339 0.03314 1
3470000 0.008727 0.034349 1
3480000 0.006985 0.033346 1
3490000 0.006821 0.033323 1
3500000 0.006268 0.034458 1
3510000 0.0073 0.02841 1
3520000 0.006899 0.026814 1
3530000 0.00698 0.027432 1
3540000 0.007102 0.028612 1
3550000 0.005936 0.028464 1
3560000 0.006043 0.029263 1
3570000 0.00568 0.028101 1
3580000 0.005936 0.032326 1
3590000 0.007218 0.035406 1
3600000 0.006893 0.034232 1
3610000 0.006378 0.027907 1
3620000 0.007444 0.027456 1
3630000 0.007464 0.027352 1
3640000 0.007479 0.028114 1
3650000 0.006584 0.028344 1
3660000 0.00571 0.030236 1
3670000 0.006135 0.03316 1
3680000 0.007078 0.036993 1
3690000 0.006684 0.033446 1
3700000 0.006489 0.046774 1
3710000 0.00858 0.054044 1
3720000 0.013608 0.057351 1
3730000 0.010059 0.036354 1
3740000 0.008502 0.031707 1
3750000 0.00663 0.033516 1
3760000 0.007449 0.032085 1
3770000 0.007608 0.030162 1
3780000 0.006199 0.032105 1
3790000 0.006169 0.035066 1
3800000 0.010304 0.036701 1
3810000 0.007434 0.032388 1
3820000 0.006077 0.031024 1
3830000 0.006168 0.031574 1
3840000 0.007842 0.033138 1
3850000 0.006606 0.032344 1
3860000 0.007125 0.034138 1
3870000 0.007944 0.034523 1
3880000 0.007584 0.036895 1
3890000 0.00718 0.034263 1
3900000 0.00797 0.029846 1
3910000 0.009656 0.047239 1
3920000 0.010242 0.049956 1
3930000 0.011038 0.045705 1
3940000 0.010816 0.045023 1
3950000 0.007334 0.032719 1
3960000 0.006807 0.032801 1
3970000 0.007585 0.036883 1
3980000 0.008071 0.032786 1
3990000 0.007433 0.038712 1
4000000 0.007532 0.038789 1
4010000 0.008069 0.038352 1
4020000 0.007381 0.036271 1
4030000 0.007128 0.033838 1
4040000 0.006946 0.032244 1
4050000 0.006212 0.037065 1
4060000 0.008592 0.033264 1
4070000 0.007146 0.031035 1
4080000 0.00776 0.034541 1
4090000 0.00652 0.033714 1
4100000 0.007185 0.033403 1
4110000 0.007641 0.043204 1
4120000 0.008156 0.045689 1
4130000 0.011259 0.036368 1
4140000 0.007365 0.036411 1
4150000 0.008827 0.044792 1
4160000 0.008154 0.041366 1
4170000 0.008392 0.033824 1
4180000 0.007231 0.034454 1
4190000 0.007056 0.037873 1
4200000 0.007338 0.038205 1
4210000 0.007883 0.036603 1
4220000 0.006735 0.034023 1
4230000 0.008604 0.036121 1
4240000 0.007711 0.031701 1
4250000 0.007599 0.038385 1
4260000 0.008027 0.039612 1
4270000 0.008344 0.039767 1
4280000 0.007821 0.039874 1
4290000 0.008683 0.03911 1
4300000 0.008999 0.034797 1
4310000 0.007471 0.033815 1
4320000 0.008593 0.03806 1
4330000 0.007284 0.035294 1
4340000 0.008844 0.033588 1
4350000 0.008145 0.034224 1
4360000 0.007963 0.034677 1
4370000 0.006947 0.033895 1
4380000 0.008136 0.036938 1
4390000 0.00901 0.035607 1
4400000 0.007578 0.034309 1
4410000 0.008379 0.038864 1
4420000 0.008529 0.034137 1
4430000 0.007464 0.035124 1
4440000 0.008433 0.037459 1
4450000 0.007061 0.036091 1
4460000 0.007186 0.034857 1
4470000 0.007982 0.035357 1
4480000 0.007208 0.03717 1
4490000 0.007229 0.035215 1
4500000 0.006937 0.033691 1
4510000 0.008094 0.030329 1
4520000 0.007976 0.035081 1
4530000 0.00772 0.036498 1
4540000 0.007302 0.036938 1
4550000 0.008411 0.037095 1
4560000 0.008002 0.04031 1
4570000 0.009111 0.04292 1
4580000 0.008305 0.040245 1
4590000 0.009546 0.035639 1
4600000 0.008802 0.037538 1
4610000 0.007744 0.04006 1
4620000 0.009649 0.042363 1
4630000 0.00878 0.042509 1
4640000 0.009239 0.035443 1
4650000 0.007612 0.037086 1
4660000 0.009166 0.036304 1
4670000 0.008864 0.03794 1
4680000 0.007654 0.0402 1
4690000 0.008978 0.043136 1
4700000 0.008374 0.035983 1
4710000 0.008634 0.035943 1
4720000 0.007917 0.036849 1
4730000 0.008243 0.040777 1
4740000 0.008154 0.039679 1
4750000 0.008928 0.03741 1
4760000 0.007914 0.037311 1
4770000 0.00845 0.03752 1
4780000 0.008421 0.040205 1
4790000 0.008813 0.045272 1
4800000 0.009794 0.043308 1
4810000 0.008694 0.036908 1
4820000 0.008125 0.040181 1
4830000 0.008902 0.040401 1
4840000 0.008602 0.043414 1
4850000 0.009869 0.037024 1
4860000 0.008061 0.038195 1
4870000 0.008795 0.036142 1
4880000 0.008484 0.036088 1
4890000 0.007919 0.037988 1
4900000 0.008355 0.036826 1
4910000 0.008167 0.037582 1
4920000 0.009275 0.039524 1
4930000 0.01011 0.040508 1
4940000 0.009694 0.046214 1
4950000 0.009216 0.042411 1
4960000 0.008447 0.039506 1
4970000 0.008868 0.039334 1
4980000 0.00935 0.040711 1
4990000 0.010576 0.045284 1
5000000 0.008447 0.040558 1
