N RS DS
10000 2.6e-05 0.000151 1
20000 7.8e-05 0.000384 1
30000 8.6e-05 0.000327 1
40000 0.000115 0.000561 1
50000 0.000175 0.000812 1
60000 0.000237 0.000661 1
70000 0.000213 0.001001 1
80000 0.000284 0.001661 1
90000 0.000428 0.001753 1
100000 0.000356 0.001018 1
110000 0.000308 0.001638 1
120000 0.000497 0.001073 1
130000 0.000477 0.002311 1
140000 0.00059 0.002429 1
150000 0.000487 0.001618 1
160000 0.000662 0.003035 1
170000 0.000837 0.002517 1
180000 0.000768 0.002253 1
190000 0.000671 0.002858 1
200000 0.000707 0.002761 1
210000 0.001134 0.003609 1
220000 0.000905 0.002945 1
230000 0.000865 0.003211 1
240000 0.001021 0.00305 1
250000 0.001283 0.003911 1
260000 0.000751 0.003202 1
270000 0.000726 0.004538 1
280000 0.000918 0.004318 1
290000 0.001006 0.003606 1
300000 0.00088 0.004916 1
310000 0.001389 0.005162 1
320000 0.001116 0.00358 1
330000 0.000805 0.004361 1
340000 0.001157 0.006722 1
350000 0.001398 0.005409 1
360000 0.001207 0.004552 1
370000 0.001721 0.004778 1
380000 0.001029 0.005539 1
390000 0.001284 0.0052 1
400000 0.001141 0.00489 1
410000 0.001508 0.004884 1
420000 0.001819 0.005515 1
430000 0.001236 0.005877 1
440000 0.00129 0.005481 1
450000 0.001156 0.005661 1
460000 0.002079 0.006066 1
470000 0.001357 0.005423 1
480000 0.002025 0.006249 1
490000 0.001293 0.005287 1
500000 0.001251 0.007625 1
510000 0.002027 0.005582 1
520000 0.001284 0.007071 1
530000 0.001798 0.005732 1
540000 0.001294 0.00821 1
550000 0.002348 0.006143 1
560000 0.002295 0.007175 1
570000 0.001511 0.006216 1
580000 0.002297 0.007112 1
590000 0.001527 0.006933 1
600000 0.002609 0.007188 1
610000 0.001717 0.007566 1
620000 0.001789 0.007285 1
630000 0.001549 0.008252 1
640000 0.002576 0.006569 1
650000 0.001764 0.008415 1
660000 0.001684 0.007974 1
670000 0.002365 0.007568 1
680000 0.001597 0.009333 1
690000 0.002518 0.006795 1
700000 0.002561 0.008098 1
710000 0.001768 0.009111 1
720000 0.00254 0.007811 1
730000 0.002342 0.009062 1
740000 0.002027 0.009084 1
750000 0.00278 0.007911 1
760000 0.00225 0.00934 1
770000 0.003739 0.012484 1
780000 0.002197 0.008955 1
790000 0.003434 0.007598 1
800000 0.002614 0.009483 1
810000 0.002194 0.010704 1
820000 0.003764 0.010018 1
830000 0.003072 0.008322 1
840000 0.003698 0.008863 1
850000 0.002262 0.010909 1
860000 0.00257 0.009349 1
870000 0.003186 0.008058 1
880000 0.002535 0.01014 1
890000 0.00242 0.011017 1
900000 0.002571 0.009527 1
910000 0.003362 0.008713 1
920000 0.003003 0.010423 1
930000 0.002547 0.011123 1
940000 0.002672 0.011352 1
950000 0.003246 0.010906 1
960000 0.004073 0.009204 1
970000 0.004604 0.018526 1
980000 0.004926 0.011304 1
990000 0.003311 0.010624 1
1000000 0.004343 0.010485 1
1010000 0.003716 0.009791 1
1020000 0.004124 0.010388 1
1030000 0.003066 0.01113 1
1040000 0.002963 0.012009 1
1050000 0.003107 0.01278 1
1060000 0.003082 0.012539 1
1070000 0.003271 0.012292 1
1080000 0.003465 0.012285 1
1090000 0.003925 0.011791 1
1100000 0.004468 0.011745 1
1110000 0.004021 0.012114 1
1120000 0.004223 0.011708 1
1130000 0.004772 0.013465 1
1140000 0.00583 0.014469 1
1150000 0.00392 0.013572 1
1160000 0.003897 0.013159 1
1170000 0.003461 0.013262 1
1180000 0.003469 0.013473 1
1190000 0.003969 0.012478 1
1200000 0.003895 0.013604 1
1210000 0.004151 0.013463 1
1220000 0.004021 0.012836 1
1230000 0.004462 0.012512 1
1240000 0.005073 0.012793 1
1250000 0.004507 0.012454 1
1260000 0.004582 0.012799 1
1270000 0.004712 0.013002 1
1280000 0.005285 0.012536 1
1290000 0.005153 0.013799 1
1300000 0.004831 0.014132 1
1310000 0.004136 0.014561 1
1320000 0.004094 0.014945 1
1330000 0.004457 0.01364 1
1340000 0.004611 0.014142 1
1350000 0.005332 0.014077 1
1360000 0.005109 0.014063 1
1370000 0.005421 0.014913 1
1380000 0.004235 0.015446 1
1390000 0.005013 0.014561 1
1400000 0.005256 0.015439 1
1410000 0.005264 0.01515 1
1420000 0.004863 0.015734 1
1430000 0.004464 0.015351 1
1440000 0.005297 0.013944 1
1450000 0.005974 0.014984 1
1460000 0.005341 0.015418 1
1470000 0.004531 0.016427 1
1480000 0.005403 0.015148 1
1490000 0.005815 0.0171 1
1500000 0.00526 0.015995 1
1510000 0.004634 0.018615 1
1520000 0.005837 0.018897 1
1530000 0.004865 0.016377 1
1540000 0.006593 0.015914 1
1550000 0.005749 0.017892 1
1560000 0.004885 0.019433 1
1570000 0.005724 0.01615 1
1580000 0.005356 0.016007 1
1590000 0.007364 0.018027 1
1600000 0.005477 0.016637 1
1610000 0.007597 0.016496 1
1620000 0.005706 0.016896 1
1630000 0.004696 0.016451 1
1640000 0.007126 0.019875 1
1650000 0.006018 0.019951 1
1660000 0.006472 0.017381 1
1670000 0.005086 0.017059 1
1680000 0.006668 0.018569 1
1690000 0.005194 0.017936 1
1700000 0.006356 0.018323 1
1710000 0.005641 0.019123 1
1720000 0.006424 0.019029 1
1730000 0.005615 0.018722 1
1740000 0.00658 0.017883 1
1750000 0.021186 0.034129 1
1760000 0.006871 0.020511 1
1770000 0.0058 0.019739 1
1780000 0.007712 0.019649 1
1790000 0.005486 0.018404 1
1800000 0.006564 0.01921 1
1810000 0.005271 0.018534 1
1820000 0.007129 0.019463 1
1830000 0.005304 0.018932 1
1840000 0.00698 0.020026 1
1850000 0.005468 0.019054 1
1860000 0.007073 0.018292 1
1870000 0.005548 0.019991 1
1880000 0.00677 0.019231 1
1890000 0.006092 0.020851 1
1900000 0.005656 0.019789 1
1910000 0.007519 0.020152 1
1920000 0.005278 0.0183 1
1930000 0.007418 0.019398 1
1940000 0.005453 0.020125 1
1950000 0.007429 0.018887 1
1960000 0.006083 0.021724 1
1970000 0.005651 0.0201 1
1980000 0.008324 0.02071 1
1990000 0.005739 0.02242 1
2000000 0.005902 0.020995 1
2010000 0.007666 0.019827 1
2020000 0.005731 0.021685 1
2030000 0.006021 0.019677 1
2040000 0.00827 0.020256 1
2050000 0.005523 0.021525 1
2060000 0.006454 0.020117 1
2070000 0.008112 0.020765 1
2080000 0.006078 0.021893 1
2090000 0.006792 0.021237 1
2100000 0.008435 0.021698 1
2110000 0.00674 0.021901 1
2120000 0.006283 0.020567 1
2130000 0.008327 0.020246 1
2140000 0.006949 0.021667 1
2150000 0.005916 0.021832 1
2160000 0.007655 0.022756 1
2170000 0.008033 0.021794 1
2180000 0.007457 0.021981 1
2190000 0.00608 0.023554 1
2200000 0.006356 0.022279 1
2210000 0.008158 0.022743 1
2220000 0.008296 0.022474 1
2230000 0.008482 0.022991 1
2240000 0.006569 0.027311 1
2250000 0.00676 0.023885 1
2260000 0.006382 0.024983 1
2270000 0.007513 0.024643 1
2280000 0.006745 0.023405 1
2290000 0.007666 0.021708 1
2300000 0.008141 0.022146 1
2310000 0.007927 0.022549 1
2320000 0.006175 0.022895 1
2330000 0.007375 0.023151 1
2340000 0.007724 0.023131 1
2350000 0.008525 0.023213 1
2360000 0.008318 0.023533 1
2370000 0.00895 0.023845 1
2380000 0.008882 0.023382 1
2390000 0.008708 0.024938 1
2400000 0.008847 0.024347 1
2410000 0.00895 0.025096 1
2420000 0.009397 0.024913 1
2430000 0.008882 0.024318 1
2440000 0.008573 0.023283 1
2450000 0.009103 0.027329 1
2460000 0.00931 0.024712 1
2470000 0.008804 0.026747 1
2480000 0.008207 0.027803 1
2490000 0.007485 0.028465 1
2500000 0.007295 0.027942 1
2510000 0.00741 0.028644 1
2520000 0.009041 0.026404 1
2530000 0.009592 0.027016 1
2540000 0.008717 0.026296 1
2550000 0.008462 0.026863 1
2560000 0.007455 0.027332 1
2570000 0.007312 0.026856 1
2580000 0.007486 0.028875 1
2590000 0.007209 0.026721 1
2600000 0.009308 0.025369 1
2610000 0.009209 0.02703 1
2620000 0.009152 0.025186 1
2630000 0.009308 0.027419 1
2640000 0.008334 0.029436 1
2650000 0.007598 0.028034 1
2660000 0.008465 0.026668 1
2670000 0.009528 0.025823 1
2680000 0.009289 0.026886 1
2690000 0.009013 0.02849 1
2700000 0.007954 0.028585 1
2710000 0.008088 0.028687 1
2720000 0.009391 0.02837 1
2730000 0.009222 0.029527 1
2740000 0.00809 0.028507 1
2750000 0.007823 0.02853 1
2760000 0.009394 0.027846 1
2770000 0.008989 0.029272 1
2780000 0.008269 0.029543 1
2790000 0.007808 0.029269 1
2800000 0.01017 0.028064 1
2810000 0.009336 0.028399 1
2820000 0.007995 0.029311 1
2830000 0.008304 0.031616 1
2840000 0.009516 0.029784 1
2850000 0.008016 0.030435 1
2860000 0.009473 0.031054 1
2870000 0.00969 0.029631 1
2880000 0.007809 0.030998 1
2890000 0.010039 0.032124 1
2900000 0.008604 0.030848 1
2910000 0.010676 0.030787 1
2920000 0.008541 0.031039 1
2930000 0.010385 0.031658 1
2940000 0.010447 0.033599 1
2950000 0.011395 0.033963 1
2960000 0.008829 0.032515 1
2970000 0.010505 0.034053 1
2980000 0.013998 0.034961 1
2990000 0.010614 0.042148 1
3000000 0.010734 0.035183 1
3010000 0.013158 0.033681 1
3020000 0.00789 0.031016 1
3030000 0.00987 0.031749 1
3040000 0.009068 0.032212 1
3050000 0.010378 0.030949 1
3060000 0.008748 0.037229 1
3070000 0.010676 0.033242 1
3080000 0.009452 0.034967 1
3090000 0.008943 0.034371 1
3100000 0.010655 0.032703 1
3110000 0.0085 0.031259 1
3120000 0.010145 0.033168 1
3130000 0.008612 0.033835 1
3140000 0.010436 0.032944 1
3150000 0.01009 0.033225 1
3160000 0.009323 0.032809 1
3170000 0.011165 0.032198 1
3180000 0.008765 0.034383 1
3190000 0.011204 0.033816 1
3200000 0.010507 0.033791 1
3210000 0.008815 0.033436 1
3220000 0.010674 0.035419 1
3230000 0.01082 0.03645 1
3240000 0.010335 0.03968 1
3250000 0.010358 0.036987 1
3260000 0.009265 0.035936 1
3270000 0.010961 0.035633 1
3280000 0.01096 0.036355 1
3290000 0.010687 0.035423 1
3300000 0.009648 0.039029 1
3310000 0.010208 0.04127 1
3320000 0.00999 0.036249 1
3330000 0.009561 0.033369 1
3340000 0.011227 0.033115 1
3350000 0.009401 0.03591 1
3360000 0.010098 0.03729 1
3370000 0.011549 0.035603 1
3380000 0.010612 0.034068 1
3390000 0.010121 0.034946 1
3400000 0.009587 0.036769 1
3410000 0.011069 0.037936 1
3420000 0.011258 0.035977 1
3430000 0.011028 0.037415 1
3440000 0.011822 0.034369 1
3450000 0.010573 0.035391 1
3460000 0.009246 0.034246 1
3470000 0.010811 0.035879 1
3480000 0.011945 0.038599 1
3490000 0.012328 0.035337 1
3500000 0.011297 0.035955 1
3510000 0.009553 0.036604 1
3520000 0.009533 0.034701 1
3530000 0.0109 0.036002 1
3540000 0.01153 0.035142 1
3550000 0.010024 0.036619 1
3560000 0.009833 0.040578 1
3570000 0.009359 0.037389 1
3580000 0.010388 0.036341 1
3590000 0.0116 0.041124 1
3600000 0.010594 0.036222 1
3610000 0.011148 0.039414 1
3620000 0.011357 0.036581 1
3630000 0.01148 0.04124 1
3640000 0.011899 0.037164 1
3650000 0.011488 0.035848 1
3660000 0.011562 0.038713 1
3670000 0.011936 0.039514 1
3680000 0.013393 0.040683 1
3690000 0.010481 0.037309 1
3700000 0.011718 0.040099 1
3710000 0.010755 0.041553 1
3720000 0.010217 0.041297 1
3730000 0.010591 0.039925 1
3740000 0.011463 0.038867 1
3750000 0.010752 0.04099 1
3760000 0.012656 0.038688 1
3770000 0.013344 0.04106 1
3780000 0.013126 0.040558 1
3790000 0.011418 0.041812 1
3800000 0.012241 0.04087 1
3810000 0.012996 0.042368 1
3820000 0.012739 0.070585 1
3830000 0.023803 0.050065 1
3840000 0.01474 0.058952 1
3850000 0.019271 0.053314 1
3860000 0.012094 0.043989 1
3870000 0.012227 0.042603 1
3880000 0.012528 0.042443 1
3890000 0.012087 0.044183 1
3900000 0.012297 0.043526 1
3910000 0.012657 0.043106 1
3920000 0.011296 0.051004 1
3930000 0.014323 0.066973 1
3940000 0.019017 0.079345 1
3950000 0.018715 0.050084 1
3960000 0.014442 0.038849 1
3970000 0.012587 0.03974 1
3980000 0.013018 0.043073 1
3990000 0.01433 0.041954 1
4000000 0.013794 0.043301 1
4010000 0.012648 0.042143 1
4020000 0.013454 0.045651 1
4030000 0.014014 0.046051 1
4040000 0.012219 0.047062 1
4050000 0.011766 0.041673 1
4060000 0.012729 0.039287 1
4070000 0.013054 0.039653 1
4080000 0.012596 0.040712 1
4090000 0.012764 0.041446 1
4100000 0.013831 0.039704 1
4110000 0.014151 0.039159 1
4120000 0.013445 0.040965 1
4130000 0.013073 0.045841 1
4140000 0.014349 0.042719 1
4150000 0.013386 0.044469 1
4160000 0.013585 0.041411 1
4170000 0.013113 0.042594 1
4180000 0.013244 0.048461 1
4190000 0.013032 0.071983 1
4200000 0.014493 0.044747 1
4210000 0.014681 0.043763 1
4220000 0.012158 0.048915 1
4230000 0.014523 0.048935 1
4240000 0.01445 0.041969 1
4250000 0.013 0.041502 1
4260000 0.012526 0.042427 1
4270000 0.013289 0.04204 1
4280000 0.013636 0.044622 1
4290000 0.01367 0.045714 1
4300000 0.013434 0.050066 1
4310000 0.01473 0.049376 1
4320000 0.014585 0.042798 1
4330000 0.01409 0.046669 1
4340000 0.013794 0.04654 1
4350000 0.015531 0.042124 1
4360000 0.012523 0.047212 1
4370000 0.013077 0.045263 1
4380000 0.013974 0.047638 1
4390000 0.014705 0.047402 1
4400000 0.01251 0.046418 1
4410000 0.013667 0.043629 1
4420000 0.013897 0.042103 1
4430000 0.012508 0.049559 1
4440000 0.013681 0.048996 1
4450000 0.01355 0.045783 1
4460000 0.013538 0.051153 1
4470000 0.014203 0.065337 1
4480000 0.017573 0.074742 1
4490000 0.01576 0.080372 1
4500000 0.018013 0.050255 1
4510000 0.013004 0.050135 1
4520000 0.014888 0.049434 1
4530000 0.015245 0.048162 1
4540000 0.012374 0.046027 1
4550000 0.014503 0.044752 1
4560000 0.01592 0.043712 1
4570000 0.012832 0.047269 1
4580000 0.014449 0.049409 1
4590000 0.016302 0.045479 1
4600000 0.012865 0.047276 1
4610000 0.014691 0.051453 1
4620000 0.016924 0.046838 1
4630000 0.015232 0.049806 1
4640000 0.013623 0.050907 1
4650000 0.014819 0.050257 1
4660000 0.012486 0.050837 1
4670000 0.015451 0.04997 1
4680000 0.013831 0.056125 1
4690000 0.016881 0.050967 1
4700000 0.014479 0.055829 1
4710000 0.016743 0.054916 1
4720000 0.016106 0.076261 1
4730000 0.027935 0.06445 1
4740000 0.016636 0.055635 1
4750000 0.014487 0.056709 1
4760000 0.016592 0.053724 1
4770000 0.016382 0.053431 1
4780000 0.015149 0.052207 1
4790000 0.015662 0.056226 1
4800000 0.014894 0.052482 1
4810000 0.013513 0.051828 1
4820000 0.01414 0.052233 1
4830000 0.014124 0.052299 1
4840000 0.015973 0.048623 1
4850000 0.013823 0.062665 1
4860000 0.029047 0.072906 1
4870000 0.017959 0.054847 1
4880000 0.014315 0.054253 1
4890000 0.017045 0.051861 1
4900000 0.017544 0.05577 1
4910000 0.014943 0.057638 1
4920000 0.016738 0.056551 1
4930000 0.015473 0.050821 1
4940000 0.022413 0.053203 1
4950000 0.013718 0.051324 1
4960000 0.015421 0.050283 1
4970000 0.013332 0.052376 1
4980000 0.016366 0.056766 1
4990000 0.015582 0.056408 1
5000000 0.017001 0.051861 1
