N RS DS
10000 4.1e-05 0.000276 1
20000 8.7e-05 0.000441 1
30000 0.000232 0.000631 1
40000 0.000183 0.001288 1
50000 0.000462 0.001287 1
60000 0.000492 0.002002 1
70000 0.000475 0.001841 1
80000 0.000311 0.001562 1
90000 0.000481 0.002656 1
100000 0.000316 0.003083 1
110000 0.000867 0.002313 1
120000 0.000355 0.002072 1
130000 0.000527 0.003901 1
140000 0.00152 0.003584 1
150000 0.000734 0.003218 1
160000 0.000559 0.004072 1
170000 0.001364 0.004064 1
180000 0.000882 0.003741 1
190000 0.001371 0.004024 1
200000 0.001391 0.00446 1
210000 0.000847 0.00398 1
220000 0.001211 0.003815 1
230000 0.002343 0.004732 1
240000 0.000704 0.004447 1
250000 0.002022 0.005275 1
260000 0.000724 0.00497 1
270000 0.00116 0.005489 1
280000 0.001494 0.005552 1
290000 0.001989 0.004669 1
300000 0.001022 0.006176 1
310000 0.00251 0.006386 1
320000 0.001889 0.006571 1
330000 0.001154 0.005091 1
340000 0.001023 0.005788 1
350000 0.000701 0.005999 1
360000 0.001968 0.006794 1
370000 0.001288 0.005743 1
380000 0.001211 0.004946 1
390000 0.002046 0.00622 1
400000 0.004977 0.006568 1
410000 0.008301 0.006865 1
420000 0.001601 0.007263 1
430000 0.001643 0.007302 1
440000 0.004551 0.006479 1
450000 0.007713 0.006352 1
460000 0.000801 0.007226 1
470000 0.007899 0.008131 1
480000 0.001706 0.007604 1
490000 0.002884 0.008798 1
500000 0.011869 0.009277 1
510000 0.001518 0.008542 1
520000 0.001598 0.00749 1
530000 0.008928 0.007349 1
540000 0.002785 0.008529 1
550000 0.005141 0.011072 1
560000 0.002262 0.010272 1
570000 0.006311 0.00792 1
580000 0.001752 0.00883 1
590000 0.005699 0.01027 1
600000 0.014296 0.008214 1
610000 0.00148 0.008401 1
620000 0.001519 0.01098 1
630000 0.004517 0.010527 1
640000 0.004904 0.009409 1
650000 0.001564 0.009677 1
660000 0.00124 0.011861 1
670000 0.002133 0.011998 1
680000 0.009636 0.010283 1
690000 0.012022 0.009357 1
700000 0.008864 0.009985 1
710000 0.010069 0.012857 1
720000 0.001694 0.014055 1
730000 0.003007 0.013456 1
740000 0.004049 0.011431 1
750000 0.001066 0.011972 1
760000 0.007415 0.010945 1
770000 0.035366 0.011154 1
780000 0.046277 0.0126 1
790000 0.006475 0.011757 1
800000 0.003101 0.01411 1
810000 0.03927 0.011832 1
820000 0.000924 0.011567 1
830000 0.00302 0.01193 1
840000 0.001286 0.012731 1
850000 0.004242 0.012026 1
860000 0.006147 0.013292 1
870000 0.003044 0.013256 1
880000 0.008006 0.01492 1
890000 0.007316 0.010907 1
900000 0.000795 0.013153 1
910000 0.011415 0.013429 1
920000 0.001811 0.012998 1
930000 0.044922 0.013083 1
940000 0.008181 0.016334 1
950000 0.008147 0.015435 1
960000 0.050503 0.015572 1
970000 0.003835 0.018226 1
980000 0.021154 0.015056 1
990000 0.011195 0.01471 1
1000000 0.001671 0.016748 1
1010000 0.006654 0.014029 1
1020000 0.023952 0.015141 1
1030000 0.001548 0.015807 1
1040000 0.026118 0.017021 1
1050000 0.012913 0.013675 1
1060000 0.007828 0.014967 1
1070000 0.01622 0.017653 1
1080000 0.002949 0.013909 1
1090000 0.004944 0.024758 1
1100000 0.004946 0.015299 1
1110000 0.033841 0.020314 1
1120000 0.017915 0.013827 1
1130000 0.010191 0.018447 1
1140000 0.010261 0.014159 1
1150000 0.006304 0.017004 1
1160000 0.007593 0.017016 1
1170000 0.006129 0.017802 1
1180000 0.00311 0.015814 1
1190000 0.006826 0.013585 1
1200000 0.010328 0.015168 1
1210000 0.005819 0.024152 1
1220000 0.071649 0.018299 1
1230000 0.078539 0.014892 1
1240000 0.017917 0.015994 1
1250000 0.003797 0.016044 1
1260000 0.002129 0.01622 1
1270000 0.036636 0.018286 1
1280000 0.003097 0.017242 1
1290000 0.006057 0.018129 1
1300000 0.039198 0.019712 1
1310000 0.0062 0.019497 1
1320000 0.011135 0.018124 1
1330000 0.01015 0.019371 1
1340000 0.019221 0.019181 1
1350000 0.013122 0.017407 1
1360000 0.00211 0.017456 1
1370000 0.008185 0.016767 1
1380000 0.006625 0.018423 1
1390000 0.00413 0.015921 1
1400000 0.014784 0.029081 1
1410000 0.012094 0.019431 1
1420000 0.012705 0.017993 1
1430000 0.016545 0.019073 1
1440000 0.002755 0.018427 1
1450000 0.09371 0.022085 1
1460000 0.046561 0.015734 1
1470000 0.024696 0.019513 1
1480000 0.038077 0.018887 1
1490000 0.090103 0.017346 1
1500000 0.047182 0.018619 1
1510000 0.049616 0.021947 1
1520000 0.077409 0.019737 1
1530000 0.002499 0.021852 1
1540000 0.010856 0.024364 1
1550000 0.00647 0.025793 1
1560000 0.026319 0.025182 1
1570000 0.003218 0.022007 1
1580000 0.020786 0.021203 1
1590000 0.013744 0.021357 1
1600000 0.003764 0.02084 1
1610000 0.001535 0.024125 1
1620000 0.009206 0.025309 1
1630000 0.010096 0.02445 1
1640000 0.00366 0.025001 1
1650000 0.011628 0.025036 1
1660000 0.024089 0.022545 1
1670000 0.02201 0.023065 1
1680000 0.086068 0.020348 1
1690000 0.004944 0.021121 1
1700000 0.062987 0.022058 1
1710000 0.022551 0.021946 1
1720000 0.038099 0.023245 1
1730000 0.005908 0.023818 1
1740000 0.010887 0.027596 1
1750000 0.021564 0.026172 1
1760000 0.026388 0.027967 1
1770000 0.007571 0.024172 1
1780000 0.007547 0.021433 1
1790000 0.016478 0.024559 1
1800000 0.018503 0.024738 1
1810000 0.011101 0.023424 1
1820000 0.006549 0.023391 1
1830000 0.031483 0.023479 1
1840000 0.025477 0.026479 1
1850000 0.011575 0.022915 1
1860000 0.04013 0.025154 1
1870000 0.018173 0.025383 1
1880000 0.021544 0.027941 1
1890000 0.113079 0.026309 1
1900000 0.100818 0.026484 1
1910000 0.040648 0.028078 1
1920000 0.006352 0.026771 1
1930000 0.01707 0.028624 1
1940000 0.002691 0.02923 1
1950000 0.021658 0.026824 1
1960000 0.005977 0.030375 1
1970000 0.071182 0.02732 1
1980000 0.020569 0.028415 1
1990000 0.015418 0.028824 1
2000000 0.030277 0.028628 1
2010000 0.088687 0.029278 1
2020000 0.012328 0.025133 1
2030000 0.010793 0.024014 1
2040000 0.011791 0.03007 1
2050000 0.023018 0.031305 1
2060000 0.034556 0.026784 1
2070000 0.02262 0.033464 1
2080000 0.008789 0.026113 1
2090000 0.004916 0.026175 1
2100000 0.003574 0.053285 1
2110000 0.14672 0.028325 1
2120000 0.032948 0.02979 1
2130000 0.034544 0.029012 1
2140000 0.053635 0.027881 1
2150000 0.001885 0.027751 1
2160000 0.082588 0.02828 1
2170000 0.224738 0.02837 1
2180000 0.003673 0.028552 1
2190000 0.003718 0.027105 1
2200000 0.023791 0.037529 1
2210000 0.08379 0.023844 1
2220000 0.001781 0.029683 1
2230000 0.022705 0.036911 1
2240000 0.021882 0.033477 1
2250000 0.002215 0.03 1
2260000 0.054862 0.037396 1
2270000 0.013935 0.039113 1
2280000 0.062112 0.028752 1
2290000 0.017286 0.033909 1
2300000 0.008631 0.037548 1
2310000 0.004233 0.03051 1
2320000 0.016143 0.036026 1
2330000 0.045724 0.031994 1
2340000 0.009876 0.039806 1
2350000 0.052572 0.03422 1
2360000 0.012419 0.034022 1
2370000 0.049986 0.033447 1
2380000 0.216933 0.075057 1
2390000 0.160788 0.035456 1
2400000 0.050852 0.040227 1
2410000 0.036351 0.039686 1
2420000 0.010586 0.033617 1
2430000 0.016744 0.030898 1
2440000 0.011021 0.033505 1
2450000 0.012369 0.033472 1
2460000 0.096225 0.030134 1
2470000 0.010112 0.032273 1
2480000 0.010372 0.029471 1
2490000 0.009345 0.033969 1
2500000 0.016813 0.032363 1
2510000 0.010249 0.032142 1
2520000 0.028708 0.031633 1
2530000 0.102736 0.039685 1
2540000 0.012399 0.03628 1
2550000 0.011273 0.032615 1
2560000 0.022257 0.034814 1
2570000 0.037416 0.030534 1
2580000 0.01961 0.031897 1
2590000 0.013128 0.02841 1
2600000 0.010133 0.03107 1
2610000 0.012524 0.03219 1
2620000 0.0052 0.032013 1
2630000 0.014571 0.034262 1
2640000 0.054431 0.033539 1
2650000 0.025063 0.033736 1
2660000 0.062979 0.046613 1
2670000 0.163417 0.05097 1
2680000 0.054158 0.042885 1
2690000 0.139539 0.037082 1
2700000 0.01657 0.035065 1
2710000 0.016332 0.030536 1
2720000 0.012437 0.042534 1
2730000 0.095976 0.036217 1
2740000 0.008313 0.03889 1
2750000 0.249752 0.038719 1
2760000 0.00844 0.041904 1
2770000 0.005791 0.050124 1
2780000 0.078523 0.075224 1
2790000 0.112135 0.035115 1
2800000 0.006427 0.039536 1
2810000 0.250496 0.040199 1
2820000 0.027455 0.035059 1
2830000 0.020308 0.035129 1
2840000 0.067309 0.037148 1
2850000 0.091371 0.040771 1
2860000 0.065778 0.044703 1
2870000 0.069737 0.034189 1
2880000 0.019808 0.038614 1
2890000 0.005771 0.035152 1
2900000 0.011399 0.03527 1
2910000 0.010058 0.037555 1
2920000 0.213674 0.045748 1
2930000 0.097844 0.033386 1
2940000 0.250121 0.034612 1
2950000 0.237573 0.040207 1
2960000 0.210108 0.033083 1
2970000 0.291132 0.038351 1
2980000 0.045383 0.045087 1
2990000 0.14835 0.034454 1
3000000 0.048827 0.038318 1
3010000 0.338405 0.038194 1
3020000 0.146583 0.040197 1
3030000 0.021789 0.042073 1
3040000 0.011646 0.04213 1
3050000 0.024508 0.034946 1
3060000 0.015306 0.036282 1
3070000 0.015797 0.043902 1
3080000 0.008536 0.045057 1
3090000 0.023231 0.040079 1
3100000 0.030605 0.04782 1
3110000 0.06547 0.034297 1
3120000 0.097681 0.033622 1
3130000 0.040057 0.038562 1
3140000 0.050542 0.038152 1
3150000 0.195433 0.03993 1
3160000 0.006884 0.041006 1
3170000 0.013079 0.035542 1
3180000 0.036012 0.041607 1
3190000 0.041985 0.047834 1
3200000 0.012906 0.044118 1
3210000 0.054532 0.035918 1
3220000 0.049558 0.041537 1
3230000 0.17546 0.043325 1
3240000 0.421826 0.044617 1
3250000 0.359495 0.040122 1
3260000 0.059454 0.03921 1
3270000 0.014517 0.038667 1
3280000 0.04383 0.041202 1
3290000 0.024286 0.046141 1
3300000 0.031253 0.057367 1
3310000 0.014474 0.054115 1
3320000 0.087527 0.03262 1
3330000 0.019457 0.037918 1
3340000 0.004272 0.043259 1
3350000 0.019347 0.04686 1
3360000 0.150574 0.039384 1
3370000 0.007851 0.03897 1
3380000 0.671553 0.051043 1
3390000 0.029386 0.040258 1
3400000 0.172208 0.038485 1
3410000 0.023512 0.043416 1
3420000 0.111929 0.034872 1
3430000 0.02757 0.043998 1
3440000 0.019516 0.047201 1
3450000 0.023717 0.046364 1
3460000 0.037405 0.040589 1
3470000 0.480796 0.043075 1
3480000 0.047178 0.048027 1
3490000 0.008714 0.045688 1
3500000 0.006145 0.053785 1
3510000 0.029667 0.046761 1
3520000 0.039532 0.039719 1
3530000 0.045987 0.041598 1
3540000 0.024167 0.047706 1
3550000 0.051895 0.04519 1
3560000 0.037738 0.042044 1
3570000 0.057058 0.053164 1
3580000 0.008055 0.051403 1
3590000 0.008136 0.04964 1
3600000 0.242746 0.040249 1
3610000 0.019723 0.050343 1
3620000 0.171814 0.049893 1
3630000 0.004527 0.047395 1
3640000 0.099135 0.054699 1
3650000 0.231142 0.042702 1
3660000 0.01225 0.048373 1
3670000 0.094054 0.044919 1
3680000 0.168277 0.042079 1
3690000 0.065808 0.042841 1
3700000 0.104546 0.048145 1
3710000 0.086663 0.045196 1
3720000 0.056036 0.052903 1
3730000 0.092302 0.044316 1
3740000 0.008269 0.05949 1
3750000 0.132042 0.058187 1
3760000 0.010678 0.041743 1
3770000 0.054871 0.051387 1
3780000 0.008569 0.050128 1
3790000 0.013102 0.04958 1
3800000 0.035351 0.049144 1
3810000 0.087498 0.042975 1
3820000 0.149161 0.054934 1
3830000 0.029516 0.048583 1
3840000 0.060719 0.054137 1
3850000 0.285568 0.050817 1
3860000 0.140317 0.041254 1
3870000 0.514106 0.049588 1
3880000 0.167622 0.056652 1
3890000 0.011904 0.042316 1
3900000 0.052652 0.043701 1
3910000 0.009361 0.053685 1
3920000 0.070598 0.053395 1
3930000 0.060097 0.042287 1
3940000 0.016125 0.052622 1
3950000 0.003963 0.053997 1
3960000 0.057149 0.048356 1
3970000 0.320866 0.052259 1
3980000 0.101905 0.04133 1
3990000 0.057769 0.054103 1
4000000 0.337226 0.053008 1
4010000 0.026066 0.053486 1
4020000 0.024797 0.061759 1
4030000 0.06939 0.056529 1
4040000 0.154839 0.042142 1
4050000 0.021952 0.053106 1
4060000 0.147526 0.048366 1
4070000 0.037425 0.054703 1
4080000 0.668542 0.050728 1
4090000 1.04888 0.052927 1
4100000 0.06851 0.04917 1
4110000 0.507548 0.047111 1
4120000 0.12327 0.048593 1
4130000 0.23658 0.05361 1
4140000 0.067515 0.061209 1
4150000 0.022767 0.061203 1
4160000 0.342708 0.044963 1
4170000 0.084857 0.050486 1
4180000 0.033342 0.048818 1
4190000 0.176865 0.052088 1
4200000 0.124708 0.056124 1
4210000 0.050396 0.050871 1
4220000 0.023234 0.042174 1
4230000 0.183301 0.048586 1
4240000 0.050767 0.065475 1
4250000 0.121319 0.056763 1
4260000 0.106596 0.05607 1
4270000 0.096444 0.043158 1
4280000 0.067013 0.050371 1
4290000 0.20312 0.047984 1
4300000 0.677297 0.054598 1
4310000 0.059851 0.04173 1
4320000 0.61218 0.047791 1
4330000 0.141487 0.050087 1
4340000 0.113933 0.056227 1
4350000 0.155236 0.059626 1
4360000 0.127916 0.043825 1
4370000 0.128461 0.061542 1
4380000 0.007961 0.059337 1
4390000 0.020436 0.066077 1
4400000 0.079226 0.047524 1
4410000 0.081537 0.059375 1
4420000 0.055083 0.048486 1
4430000 0.008495 0.054398 1
4440000 0.041432 0.054587 1
4450000 0.446149 0.047645 1
4460000 0.045574 0.057418 1
4470000 0.065794 0.062149 1
4480000 0.020767 0.053584 1
4490000 0.040091 0.061153 1
4500000 0.03426 0.065349 1
4510000 0.126526 0.049502 1
4520000 0.073855 0.041109 1
4530000 0.007129 0.05622 1
4540000 0.048289 0.052493 1
4550000 0.073918 0.066355 1
4560000 0.045132 0.050261 1
4570000 0.771771 0.055767 1
4580000 0.051643 0.062962 1
4590000 0.005808 0.057466 1
4600000 0.085422 0.051811 1
4610000 0.108494 0.054326 1
4620000 0.289909 0.049163 1
4630000 0.08877 0.055092 1
4640000 0.2377 0.063582 1
4650000 0.63096 0.07434 1
4660000 0.119163 0.061928 1
4670000 0.009516 0.056193 1
4680000 0.027171 0.061076 1
4690000 0.140562 0.057259 1
4700000 0.124226 0.057014 1
4710000 0.019966 0.06439 1
4720000 0.267509 0.066543 1
4730000 0.006345 0.054186 1
4740000 0.009355 0.063459 1
4750000 0.154853 0.065353 1
4760000 0.078296 0.055211 1
4770000 0.216064 0.058002 1
4780000 0.094429 0.058209 1
4790000 0.610478 0.076373 1
4800000 0.09199 0.064677 1
4810000 0.119979 0.071249 1
4820000 0.198268 0.057304 1
4830000 0.448864 0.063783 1
4840000 0.046678 0.064005 1
4850000 0.052309 0.055372 1
4860000 0.050507 0.059208 1
4870000 0.476911 0.080815 1
4880000 0.580176 0.06359 1
4890000 0.341195 0.083809 1
4900000 0.018594 0.063254 1
4910000 0.0077 0.056398 1
4920000 0.035719 0.073977 1
4930000 0.166824 0.064892 1
4940000 0.424601 0.061919 1
4950000 0.380734 0.057069 1
4960000 0.011353 0.070755 1
4970000 0.850406 0.076223 1
4980000 0.165644 0.058389 1
4990000 0.043614 0.054661 1
5000000 0.182638 0.060944 1
